<?xml version="1.0" encoding="UTF-8"?>
<!-- Generated by org.testng.reporters.JUnitXMLReporter -->
<testsuite hostname="DESKTOP-HQCM5R0" name="Test" tests="7" failures="0" timestamp="30 May 2020 16:18:15 GMT" time="397.082" errors="0">
  <testcase name="trending" time="37.403" classname="pkgyt.TC1"/>
  <testcase name="subscription" time="31.711" classname="pkgyt.TC2"/>
  <testcase name="library" time="28.95" classname="pkgyt.TC3"/>
  <testcase name="history" time="37.228" classname="pkgyt.TC4"/>
  <testcase name="like" time="41.244" classname="pkgyt.TC5"/>
  <testcase name="subscribechannel" time="46.827" classname="pkgyt.TC6"/>
  <testcase name="comment" time="57.158" classname="pkgyt.TC7"/>
</testsuite> <!-- Test -->
