<?xml version="1.0" encoding="UTF-8"?>
<!-- Generated by org.testng.reporters.JUnitXMLReporter -->
<testsuite hostname="DESKTOP-HQCM5R0" name="Command line test d3ea19eb-1d44-4523-a3b5-85c3709fe145" tests="2" failures="0" timestamp="31 May 2020 03:59:46 GMT" time="95.131" errors="0">
  <testcase name="trending" time="34.965" classname="pkgyt.TC1"/>
  <testcase name="subscription" time="29.432" classname="pkgyt.TC2"/>
</testsuite> <!-- Command line test d3ea19eb-1d44-4523-a3b5-85c3709fe145 -->
