<?xml version="1.0" encoding="UTF-8"?>
<!-- Generated by org.testng.reporters.JUnitXMLReporter -->
<testsuite hostname="DESKTOP-HQCM5R0" name="Command line test bbc8560a-29a5-425f-a998-4c47485784bc" tests="5" failures="0" timestamp="31 May 2020 03:40:43 GMT" time="263.206" errors="0">
  <testcase name="trending" time="39.294" classname="pkgyt.TC1"/>
  <testcase name="subscription" time="30.592" classname="pkgyt.TC2"/>
  <testcase name="library" time="30.232" classname="pkgyt.TC3"/>
  <testcase name="history" time="33.473" classname="pkgyt.TC4"/>
  <testcase name="subscribechannel" time="50.702" classname="pkgyt.TC6"/>
</testsuite> <!-- Command line test bbc8560a-29a5-425f-a998-4c47485784bc -->
